Arguments: 
  /usr/local/bin/node /Users/lxy/.node/corepack/yarn/1.22.19/bin/yarn.js

PATH: 
  /Users/lxy/Downloads/sonarscanner/bin:/usr/local/bin:/System/Cryptexes/App/usr/bin:/usr/bin:/bin:/usr/sbin:/sbin:/usr/local/go/bin:/Users/lxy/Downloads/sonarscanner/bin

Yarn version: 
  1.22.19

Node version: 
  16.17.1

Platform: 
  darwin x64

Trace: 
  Error: EEXIST: file already exists, mkdir '/Users/lxy/Documents/my-packages/md-table-converter/node_modules/@isaacs/cliui/node_modules'

npm manifest: 
  {
    "name": "md-table-converter",
    "displayName": "MD Table Converter",
    "description": "Convert MD Table to Table Component",
    "version": "0.0.1",
    "publisher": "liuxueyong123",
  	"author": {
  		"name": "liuxueyong123",
  		"email": "liuxueyong123@126.com",
  		"url": "https://github.com/liuxueyong123"
  	},
  	"icon": "assets/icon.png",
  	"repository": {
  		"type": "git",
  		"url": "https://github.com/liuxueyong123/md-table-converter.git"
  	},
  	"bugs": {
  		"url": "https://github.com/liuxueyong123/md-table-converter/issues/new"
  	},
  	"homepage": "https://github.com/liuxueyong123/md-table-converter",
  	"keywords": [
  		"Table Converter"
  	],
    "engines": {
      "vscode": "^1.82.0"
    },
    "categories": [
      "Other"
    ],
    "activationEvents": [
      "md-table-converter.covert2TableComponent"
    ],
    "main": "./dist/extension.js",
    "contributes": {
      "commands": [
        {
          "command": "md-table-converter.covert2TableComponent",
          "title": "Covert to Table Component"
        }
      ],
      "keybindings": [
  			{
  				"command": "md-table-converter.covert2TableComponent",
  				"key": "ctrl+4",
  				"mac": "cmd+4",
  				"when": "editorTextFocus"
  			}
  		],
      "menus": {
        "editor/context": [
          {
            "command": "md-table-converter.covert2TableComponent",
            "group": "1_modification",
            "when": "editorHasSelection"
          }
        ]
      }
    },
    "scripts": {
      "vscode:prepublish": "pnpm run package",
      "compile": "webpack",
      "watch": "webpack --watch",
      "package": "webpack --mode production --devtool hidden-source-map",
      "compile-tests": "tsc -p . --outDir out",
      "watch-tests": "tsc -p . -w --outDir out",
      "pretest": "pnpm run compile-tests && pnpm run compile && pnpm run lint",
      "lint": "eslint src --ext ts",
      "test": "node ./out/test/runTest.js"
    },
    "devDependencies": {
      "@types/vscode": "^1.82.0",
      "@types/mocha": "^10.0.1",
      "@types/node": "16.x",
      "@typescript-eslint/eslint-plugin": "^6.4.1",
      "@typescript-eslint/parser": "^6.4.1",
      "eslint": "^8.47.0",
      "glob": "^10.3.3",
      "mocha": "^10.2.0",
      "typescript": "^5.1.6",
      "ts-loader": "^9.4.4",
      "webpack": "^5.88.2",
      "webpack-cli": "^5.1.4",
      "@vscode/test-electron": "^2.3.4"
    }
  }

yarn manifest: 
  No manifest

Lockfile: 
  No lockfile
